<?xml version="1.0" encoding="UTF-8"?>
<!-- Generated by org.testng.reporters.JUnitReportReporter -->
<testsuite skipped="0" hostname="DESKTOP-TBQOJQQ" name="module6.Priority" tests="5" failures="0" timestamp="30 Mar 2019 04:13:06 GMT" time="0.035" errors="0">
  <testcase name="Naga" time="0.017" classname="module6.Priority"/>
  <testcase name="Vishali" time="0.008" classname="module6.Priority"/>
  <testcase name="Virendra" time="0.001" classname="module6.Priority"/>
  <testcase name="Sudip" time="0.002" classname="module6.Priority"/>
  <testcase name="Sachin" time="0.007" classname="module6.Priority"/>
</testsuite> <!-- module6.Priority -->
