<?xml version="1.0" encoding="UTF-8"?>
<!-- Generated by org.testng.reporters.JUnitReportReporter -->
<testsuite skipped="0" hostname="DESKTOP-TBQOJQQ" name="module6.Annotations" tests="2" failures="0" timestamp="30 Mar 2019 05:23:11 GMT" time="0.014" errors="0">
  <testcase name="Test1" time="0.012" classname="module6.Annotations"/>
  <testcase name="Test2" time="0.002" classname="module6.Annotations"/>
</testsuite> <!-- module6.Annotations -->
