<?xml version="1.0" encoding="UTF-8"?>
<!-- Generated by org.testng.reporters.JUnitReportReporter -->
<testsuite skipped="0" hostname="DESKTOP-TBQOJQQ" name="module6.NewTest" tests="1" failures="0" timestamp="30 Mar 2019 05:23:11 GMT" time="12.814" errors="0">
  <testcase name="TestLogin" time="12.814" classname="module6.NewTest"/>
</testsuite> <!-- module6.NewTest -->
