<?xml version="1.0" encoding="UTF-8"?>
<!-- Generated by org.testng.reporters.JUnitReportReporter -->
<testsuite skipped="0" hostname="DESKTOP-TBQOJQQ" name="module6.Scenario3" tests="3" failures="0" timestamp="31 Mar 2019 03:40:02 GMT" time="67.019" errors="0">
  <testcase name="login_TestCase" time="26.335" classname="module6.Scenario3"/>
  <testcase name="login_TestCase" time="14.123" classname="module6.Scenario3"/>
  <testcase name="login_TestCase" time="26.561" classname="module6.Scenario3"/>
</testsuite> <!-- module6.Scenario3 -->
