<?xml version="1.0" encoding="UTF-8"?>
<!-- Generated by org.testng.reporters.JUnitReportReporter -->
<testsuite skipped="0" hostname="Shreyata" name="module9.DDT" tests="10" failures="0" timestamp="07 Apr 2019 03:28:07 GMT" time="56.386" errors="0">
  <testcase name="FormFill" time="5.503" classname="module9.DDT"/>
  <testcase name="FormFill" time="5.543" classname="module9.DDT"/>
  <testcase name="FormFill" time="5.535" classname="module9.DDT"/>
  <testcase name="FormFill" time="5.854" classname="module9.DDT"/>
  <testcase name="FormFill" time="5.678" classname="module9.DDT"/>
  <testcase name="FormFill" time="5.518" classname="module9.DDT"/>
  <testcase name="FormFill" time="5.576" classname="module9.DDT"/>
  <testcase name="FormFill" time="5.550" classname="module9.DDT"/>
  <testcase name="FormFill" time="5.983" classname="module9.DDT"/>
  <testcase name="FormFill" time="5.646" classname="module9.DDT"/>
</testsuite> <!-- module9.DDT -->
