<?xml version="1.0" encoding="UTF-8"?>
<!-- Generated by org.testng.reporters.JUnitReportReporter -->
<testsuite skipped="0" hostname="DESKTOP-TBQOJQQ" name="module6.Sequencing" tests="5" failures="0" timestamp="30 Mar 2019 04:04:24 GMT" time="0.061" errors="0">
  <testcase name="Vishali" time="0.016" classname="module6.Sequencing"/>
  <testcase name="Sachin" time="0.003" classname="module6.Sequencing"/>
  <testcase name="Virendra" time="0.009" classname="module6.Sequencing"/>
  <testcase name="Naga" time="0.030" classname="module6.Sequencing"/>
  <testcase name="Sudip" time="0.003" classname="module6.Sequencing"/>
</testsuite> <!-- module6.Sequencing -->
