<?xml version="1.0" encoding="UTF-8"?>
<!-- Generated by org.testng.reporters.JUnitReportReporter -->
<testsuite skipped="0" hostname="DESKTOP-TBQOJQQ" name="module6.Dependency" tests="3" failures="0" timestamp="30 Mar 2019 04:27:09 GMT" time="91.526" errors="0">
  <testcase name="Logout" time="4.787" classname="module6.Dependency"/>
  <testcase name="Login" time="77.618" classname="module6.Dependency"/>
  <testcase name="OpenApp" time="9.121" classname="module6.Dependency"/>
</testsuite> <!-- module6.Dependency -->
