<?xml version="1.0" encoding="UTF-8"?>
<!-- Generated by org.testng.reporters.JUnitReportReporter -->
<testsuite skipped="0" hostname="DESKTOP-TBQOJQQ" name="module7.GridExampleTest" tests="2" failures="0" timestamp="31 Mar 2019 04:24:59 GMT" time="19.577" errors="0">
  <testcase name="testGooglePageTitle" time="8.719" classname="module7.GridExampleTest"/>
  <testcase name="testGooglePageTitle" time="10.858" classname="module7.GridExampleTest"/>
</testsuite> <!-- module7.GridExampleTest -->
